# JRE version: Java(TM) SE Runtime Environment (8.0_51-b16) (build 1.8.0_51-b16)
# Java VM: Java HotSpot(TM) 64-Bit Server VM (25.51-b03 mixed mode windows-amd64 compressed oops)
Heap:
 PSYoungGen      total 38400K, used 6590K [0x00000000d5c00000, 0x00000000d8680000, 0x0000000100000000)
  eden space 33280K, 19% used [0x00000000d5c00000,0x00000000d626fa68,0x00000000d7c80000)
  from space 5120K, 0% used [0x00000000d7c80000,0x00000000d7c80000,0x00000000d8180000)
  to   space 5120K, 0% used [0x00000000d8180000,0x00000000d8180000,0x00000000d8680000)
 ParOldGen       total 57344K, used 6074K [0x0000000081400000, 0x0000000084c00000, 0x00000000d5c00000)
  object space 57344K, 10% used [0x0000000081400000,0x00000000819eeb40,0x0000000084c00000)
 Metaspace       used 21205K, capacity 21457K, committed 21936K, reserved 1069056K
  class space    used 2498K, capacity 2587K, committed 2688K, reserved 1048576K
GC Heap History (8 events):
Event: 3.368 GC heap before
{Heap before GC invocations=1 (full 0):
 PSYoungGen      total 38400K, used 33280K [0x00000000d5c00000, 0x00000000d8680000, 0x0000000100000000)
  eden space 33280K, 100% used [0x00000000d5c00000,0x00000000d7c80000,0x00000000d7c80000)
  from space 5120K, 0% used [0x00000000d8180000,0x00000000d8180000,0x00000000d8680000)
  to   space 5120K, 0% used [0x00000000d7c80000,0x00000000d7c80000,0x00000000d8180000)
 ParOldGen       total 87552K, used 0K [0x0000000081400000, 0x0000000086980000, 0x00000000d5c00000)
  object space 87552K, 0% used [0x0000000081400000,0x0000000081400000,0x0000000086980000)
 Metaspace       used 14785K, capacity 15000K, committed 15360K, reserved 1062912K
  class space    used 1862K, capacity 1969K, committed 2048K, reserved 1048576K
Event: 3.375 GC heap after
Heap after GC invocations=1 (full 0):
 PSYoungGen      total 38400K, used 5104K [0x00000000d5c00000, 0x00000000d8680000, 0x0000000100000000)
  eden space 33280K, 0% used [0x00000000d5c00000,0x00000000d5c00000,0x00000000d7c80000)
  from space 5120K, 99% used [0x00000000d7c80000,0x00000000d817c040,0x00000000d8180000)
  to   space 5120K, 0% used [0x00000000d8180000,0x00000000d8180000,0x00000000d8680000)
 ParOldGen       total 87552K, used 2413K [0x0000000081400000, 0x0000000086980000, 0x00000000d5c00000)
  object space 87552K, 2% used [0x0000000081400000,0x000000008165b458,0x0000000086980000)
 Metaspace       used 14785K, capacity 15000K, committed 15360K, reserved 1062912K
  class space    used 1862K, capacity 1969K, committed 2048K, reserved 1048576K
}
Event: 4.139 GC heap before
{Heap before GC invocations=2 (full 0):
 PSYoungGen      total 38400K, used 38384K [0x00000000d5c00000, 0x00000000d8680000, 0x0000000100000000)
  eden space 33280K, 100% used [0x00000000d5c00000,0x00000000d7c80000,0x00000000d7c80000)
  from space 5120K, 99% used [0x00000000d7c80000,0x00000000d817c040,0x00000000d8180000)
  to   space 5120K, 0% used [0x00000000d8180000,0x00000000d8180000,0x00000000d8680000)
 ParOldGen       total 87552K, used 2413K [0x0000000081400000, 0x0000000086980000, 0x00000000d5c00000)
  object space 87552K, 2% used [0x0000000081400000,0x000000008165b458,0x0000000086980000)
 Metaspace       used 18737K, capacity 18977K, committed 19200K, reserved 1067008K
  class space    used 2165K, capacity 2258K, committed 2304K, reserved 1048576K
Event: 4.144 GC heap after
Heap after GC invocations=2 (full 0):
 PSYoungGen      total 38400K, used 5095K [0x00000000d5c00000, 0x00000000d8680000, 0x0000000100000000)
  eden space 33280K, 0% used [0x00000000d5c00000,0x00000000d5c00000,0x00000000d7c80000)
  from space 5120K, 99% used [0x00000000d8180000,0x00000000d8679fd0,0x00000000d8680000)
  to   space 5120K, 0% used [0x00000000d7c80000,0x00000000d7c80000,0x00000000d8180000)
 ParOldGen       total 87552K, used 2679K [0x0000000081400000, 0x0000000086980000, 0x00000000d5c00000)
  object space 87552K, 3% used [0x0000000081400000,0x000000008169de28,0x0000000086980000)
 Metaspace       used 18737K, capacity 18977K, committed 19200K, reserved 1067008K
  class space    used 2165K, capacity 2258K, committed 2304K, reserved 1048576K
}
Event: 4.428 GC heap before
{Heap before GC invocations=3 (full 0):
 PSYoungGen      total 38400K, used 19372K [0x00000000d5c00000, 0x00000000d8680000, 0x0000000100000000)
  eden space 33280K, 42% used [0x00000000d5c00000,0x00000000d69f1210,0x00000000d7c80000)
  from space 5120K, 99% used [0x00000000d8180000,0x00000000d8679fd0,0x00000000d8680000)
  to   space 5120K, 0% used [0x00000000d7c80000,0x00000000d7c80000,0x00000000d8180000)
 ParOldGen       total 87552K, used 2679K [0x0000000081400000, 0x0000000086980000, 0x00000000d5c00000)
  object space 87552K, 3% used [0x0000000081400000,0x000000008169de28,0x0000000086980000)
 Metaspace       used 20862K, capacity 21075K, committed 21296K, reserved 1069056K
  class space    used 2451K, capacity 2550K, committed 2560K, reserved 1048576K
Event: 4.433 GC heap after
Heap after GC invocations=3 (full 0):
 PSYoungGen      total 38400K, used 4730K [0x00000000d5c00000, 0x00000000d8680000, 0x0000000100000000)
  eden space 33280K, 0% used [0x00000000d5c00000,0x00000000d5c00000,0x00000000d7c80000)
  from space 5120K, 92% used [0x00000000d7c80000,0x00000000d811e900,0x00000000d8180000)
  to   space 5120K, 0% used [0x00000000d8180000,0x00000000d8180000,0x00000000d8680000)
 ParOldGen       total 87552K, used 2687K [0x0000000081400000, 0x0000000086980000, 0x00000000d5c00000)
  object space 87552K, 3% used [0x0000000081400000,0x000000008169fe28,0x0000000086980000)
 Metaspace       used 20862K, capacity 21075K, committed 21296K, reserved 1069056K
  class space    used 2451K, capacity 2550K, committed 2560K, reserved 1048576K
}
Event: 4.433 GC heap before
{Heap before GC invocations=4 (full 1):
 PSYoungGen      total 38400K, used 4730K [0x00000000d5c00000, 0x00000000d8680000, 0x0000000100000000)
  eden space 33280K, 0% used [0x00000000d5c00000,0x00000000d5c00000,0x00000000d7c80000)
  from space 5120K, 92% used [0x00000000d7c80000,0x00000000d811e900,0x00000000d8180000)
  to   space 5120K, 0% used [0x00000000d8180000,0x00000000d8180000,0x00000000d8680000)
 ParOldGen       total 87552K, used 2687K [0x0000000081400000, 0x0000000086980000, 0x00000000d5c00000)
  object space 87552K, 3% used [0x0000000081400000,0x000000008169fe28,0x0000000086980000)
 Metaspace       used 20862K, capacity 21075K, committed 21296K, reserved 1069056K
  class space    used 2451K, capacity 2550K, committed 2560K, reserved 1048576K
Event: 4.462 GC heap after
Heap after GC invocations=4 (full 1):
 PSYoungGen      total 38400K, used 0K [0x00000000d5c00000, 0x00000000d8680000, 0x0000000100000000)
  eden space 33280K, 0% used [0x00000000d5c00000,0x00000000d5c00000,0x00000000d7c80000)
  from space 5120K, 0% used [0x00000000d7c80000,0x00000000d7c80000,0x00000000d8180000)
  to   space 5120K, 0% used [0x00000000d8180000,0x00000000d8180000,0x00000000d8680000)
 ParOldGen       total 57344K, used 6074K [0x0000000081400000, 0x0000000084c00000, 0x00000000d5c00000)
  object space 57344K, 10% used [0x0000000081400000,0x00000000819eeb40,0x0000000084c00000)
 Metaspace       used 20862K, capacity 21075K, committed 21296K, reserved 1069056K
  class space    used 2451K, capacity 2550K, committed 2560K, reserved 1048576K
}

