# JRE version: Java(TM) SE Runtime Environment (8.0_51-b16) (build 1.8.0_51-b16)
# Java VM: Java HotSpot(TM) 64-Bit Server VM (25.51-b03 mixed mode windows-amd64 compressed oops)
Heap:
 PSYoungGen      total 38400K, used 8229K [0x00000000d5c00000, 0x00000000d8680000, 0x0000000100000000)
  eden space 33280K, 24% used [0x00000000d5c00000,0x00000000d64096b8,0x00000000d7c80000)
  from space 5120K, 0% used [0x00000000d7c80000,0x00000000d7c80000,0x00000000d8180000)
  to   space 5120K, 0% used [0x00000000d8180000,0x00000000d8180000,0x00000000d8680000)
 ParOldGen       total 55296K, used 5929K [0x0000000081400000, 0x0000000084a00000, 0x00000000d5c00000)
  object space 55296K, 10% used [0x0000000081400000,0x00000000819ca500,0x0000000084a00000)
 Metaspace       used 21271K, capacity 21529K, committed 21888K, reserved 1069056K
  class space    used 2500K, capacity 2587K, committed 2688K, reserved 1048576K
GC Heap History (8 events):
Event: 4.967 GC heap before
{Heap before GC invocations=1 (full 0):
 PSYoungGen      total 38400K, used 33280K [0x00000000d5c00000, 0x00000000d8680000, 0x0000000100000000)
  eden space 33280K, 100% used [0x00000000d5c00000,0x00000000d7c80000,0x00000000d7c80000)
  from space 5120K, 0% used [0x00000000d8180000,0x00000000d8180000,0x00000000d8680000)
  to   space 5120K, 0% used [0x00000000d7c80000,0x00000000d7c80000,0x00000000d8180000)
 ParOldGen       total 87552K, used 0K [0x0000000081400000, 0x0000000086980000, 0x00000000d5c00000)
  object space 87552K, 0% used [0x0000000081400000,0x0000000081400000,0x0000000086980000)
 Metaspace       used 14821K, capacity 15072K, committed 15360K, reserved 1062912K
  class space    used 1864K, capacity 1969K, committed 2048K, reserved 1048576K
Event: 4.972 GC heap after
Heap after GC invocations=1 (full 0):
 PSYoungGen      total 38400K, used 5104K [0x00000000d5c00000, 0x00000000d8680000, 0x0000000100000000)
  eden space 33280K, 0% used [0x00000000d5c00000,0x00000000d5c00000,0x00000000d7c80000)
  from space 5120K, 99% used [0x00000000d7c80000,0x00000000d817c040,0x00000000d8180000)
  to   space 5120K, 0% used [0x00000000d8180000,0x00000000d8180000,0x00000000d8680000)
 ParOldGen       total 87552K, used 2385K [0x0000000081400000, 0x0000000086980000, 0x00000000d5c00000)
  object space 87552K, 2% used [0x0000000081400000,0x0000000081654508,0x0000000086980000)
 Metaspace       used 14821K, capacity 15072K, committed 15360K, reserved 1062912K
  class space    used 1864K, capacity 1969K, committed 2048K, reserved 1048576K
}
Event: 5.877 GC heap before
{Heap before GC invocations=2 (full 0):
 PSYoungGen      total 38400K, used 38384K [0x00000000d5c00000, 0x00000000d8680000, 0x0000000100000000)
  eden space 33280K, 100% used [0x00000000d5c00000,0x00000000d7c80000,0x00000000d7c80000)
  from space 5120K, 99% used [0x00000000d7c80000,0x00000000d817c040,0x00000000d8180000)
  to   space 5120K, 0% used [0x00000000d8180000,0x00000000d8180000,0x00000000d8680000)
 ParOldGen       total 87552K, used 2385K [0x0000000081400000, 0x0000000086980000, 0x00000000d5c00000)
  object space 87552K, 2% used [0x0000000081400000,0x0000000081654508,0x0000000086980000)
 Metaspace       used 18791K, capacity 19049K, committed 19456K, reserved 1067008K
  class space    used 2165K, capacity 2258K, committed 2304K, reserved 1048576K
Event: 5.883 GC heap after
Heap after GC invocations=2 (full 0):
 PSYoungGen      total 38400K, used 5105K [0x00000000d5c00000, 0x00000000d8680000, 0x0000000100000000)
  eden space 33280K, 0% used [0x00000000d5c00000,0x00000000d5c00000,0x00000000d7c80000)
  from space 5120K, 99% used [0x00000000d8180000,0x00000000d867c7f8,0x00000000d8680000)
  to   space 5120K, 0% used [0x00000000d7c80000,0x00000000d7c80000,0x00000000d8180000)
 ParOldGen       total 87552K, used 3730K [0x0000000081400000, 0x0000000086980000, 0x00000000d5c00000)
  object space 87552K, 4% used [0x0000000081400000,0x00000000817a4b50,0x0000000086980000)
 Metaspace       used 18791K, capacity 19049K, committed 19456K, reserved 1067008K
  class space    used 2165K, capacity 2258K, committed 2304K, reserved 1048576K
}
Event: 6.161 GC heap before
{Heap before GC invocations=3 (full 0):
 PSYoungGen      total 38400K, used 18528K [0x00000000d5c00000, 0x00000000d8680000, 0x0000000100000000)
  eden space 33280K, 40% used [0x00000000d5c00000,0x00000000d691b828,0x00000000d7c80000)
  from space 5120K, 99% used [0x00000000d8180000,0x00000000d867c7f8,0x00000000d8680000)
  to   space 5120K, 0% used [0x00000000d7c80000,0x00000000d7c80000,0x00000000d8180000)
 ParOldGen       total 87552K, used 3730K [0x0000000081400000, 0x0000000086980000, 0x00000000d5c00000)
  object space 87552K, 4% used [0x0000000081400000,0x00000000817a4b50,0x0000000086980000)
 Metaspace       used 20880K, capacity 21071K, committed 21248K, reserved 1069056K
  class space    used 2448K, capacity 2548K, committed 2560K, reserved 1048576K
Event: 6.166 GC heap after
Heap after GC invocations=3 (full 0):
 PSYoungGen      total 38400K, used 5110K [0x00000000d5c00000, 0x00000000d8680000, 0x0000000100000000)
  eden space 33280K, 0% used [0x00000000d5c00000,0x00000000d5c00000,0x00000000d7c80000)
  from space 5120K, 99% used [0x00000000d7c80000,0x00000000d817da10,0x00000000d8180000)
  to   space 5120K, 0% used [0x00000000d8180000,0x00000000d8180000,0x00000000d8680000)
 ParOldGen       total 87552K, used 4278K [0x0000000081400000, 0x0000000086980000, 0x00000000d5c00000)
  object space 87552K, 4% used [0x0000000081400000,0x000000008182dba0,0x0000000086980000)
 Metaspace       used 20880K, capacity 21071K, committed 21248K, reserved 1069056K
  class space    used 2448K, capacity 2548K, committed 2560K, reserved 1048576K
}
Event: 6.166 GC heap before
{Heap before GC invocations=4 (full 1):
 PSYoungGen      total 38400K, used 5110K [0x00000000d5c00000, 0x00000000d8680000, 0x0000000100000000)
  eden space 33280K, 0% used [0x00000000d5c00000,0x00000000d5c00000,0x00000000d7c80000)
  from space 5120K, 99% used [0x00000000d7c80000,0x00000000d817da10,0x00000000d8180000)
  to   space 5120K, 0% used [0x00000000d8180000,0x00000000d8180000,0x00000000d8680000)
 ParOldGen       total 87552K, used 4278K [0x0000000081400000, 0x0000000086980000, 0x00000000d5c00000)
  object space 87552K, 4% used [0x0000000081400000,0x000000008182dba0,0x0000000086980000)
 Metaspace       used 20880K, capacity 21071K, committed 21248K, reserved 1069056K
  class space    used 2448K, capacity 2548K, committed 2560K, reserved 1048576K
Event: 6.196 GC heap after
Heap after GC invocations=4 (full 1):
 PSYoungGen      total 38400K, used 0K [0x00000000d5c00000, 0x00000000d8680000, 0x0000000100000000)
  eden space 33280K, 0% used [0x00000000d5c00000,0x00000000d5c00000,0x00000000d7c80000)
  from space 5120K, 0% used [0x00000000d7c80000,0x00000000d7c80000,0x00000000d8180000)
  to   space 5120K, 0% used [0x00000000d8180000,0x00000000d8180000,0x00000000d8680000)
 ParOldGen       total 55296K, used 5929K [0x0000000081400000, 0x0000000084a00000, 0x00000000d5c00000)
  object space 55296K, 10% used [0x0000000081400000,0x00000000819ca500,0x0000000084a00000)
 Metaspace       used 20880K, capacity 21071K, committed 21248K, reserved 1069056K
  class space    used 2448K, capacity 2548K, committed 2560K, reserved 1048576K
}

